#
# There is insufficient memory for the Java Runtime Environment to continue.
# Native memory allocation (malloc) failed to allocate 1059456 bytes for Chunk::new
# Possible reasons:
#   The system is out of physical RAM or swap space
#   In 32 bit mode, the process size limit was hit
# Possible solutions:
#   Reduce memory load on the system
#   Increase physical memory or swap space
#   Check if swap backing store is full
#   Use 64 bit Java on a 64 bit OS
#   Decrease Java heap size (-Xmx/-Xms)
#   Decrease number of Java threads
#   Decrease Java thread stack sizes (-Xss)
#   Set larger code cache with -XX:ReservedCodeCacheSize=
# This output file may be truncated or incomplete.
#
#  Out of Memory Error (allocation.cpp:390), pid=16996, tid=0x000000000000127c
#
# JRE version: Java(TM) SE Runtime Environment (8.0_181-b13) (build 1.8.0_181-b13)
# Java VM: Java HotSpot(TM) 64-Bit Server VM (25.181-b13 mixed mode windows-amd64 compressed oops)
# Failed to write core dump. Minidumps are not enabled by default on client versions of Windows
#

---------------  T H R E A D  ---------------

Current thread (0x000000001be54800):  JavaThread "C2 CompilerThread0" daemon [_thread_in_native, id=4732, stack(0x000000001d760000,0x000000001d860000)]

Stack: [0x000000001d760000,0x000000001d860000]
[error occurred during error reporting (printing stack bounds), id 0xc0000005]

Native frames: (J=compiled Java code, j=interpreted, Vv=VM code, C=native code)


Current CompileTask:
C2:  20227 1531       4       java.net.URLClassLoader$1::run (5 bytes)


---------------  P R O C E S S  ---------------

Java Threads: ( => current thread )
  0x000000001be5d000 JavaThread "Service Thread" daemon [_thread_blocked, id=2560, stack(0x000000001da60000,0x000000001db60000)]
  0x000000001be5c000 JavaThread "C1 CompilerThread2" daemon [_thread_blocked, id=9664, stack(0x000000001d960000,0x000000001da60000)]
  0x000000001be59000 JavaThread "C2 CompilerThread1" daemon [_thread_in_native, id=16560, stack(0x000000001d860000,0x000000001d960000)]
=>0x000000001be54800 JavaThread "C2 CompilerThread0" daemon [_thread_in_native, id=4732, stack(0x000000001d760000,0x000000001d860000)]
  0x000000001be10800 JavaThread "Attach Listener" daemon [_thread_blocked, id=8000, stack(0x000000001d660000,0x000000001d760000)]
  0x000000001be0f800 JavaThread "Signal Dispatcher" daemon [_thread_blocked, id=15188, stack(0x000000001d560000,0x000000001d660000)]
  0x000000001bdea000 JavaThread "Finalizer" daemon [_thread_blocked, id=11436, stack(0x000000001d060000,0x000000001d160000)]
  0x000000001bdc9000 JavaThread "Reference Handler" daemon [_thread_blocked, id=13332, stack(0x000000001cf60000,0x000000001d060000)]
  0x0000000002692800 JavaThread "main" [_thread_in_vm, id=16096, stack(0x00000000024a0000,0x00000000025a0000)]

Other Threads:
  0x000000001bdc7000 VMThread [stack: 0x000000001ce60000,0x000000001cf60000] [id=15248]
  0x000000001d172800 WatcherThread [stack: 0x000000001db60000,0x000000001dc60000] [id=11772]

VM state:not at safepoint (normal execution)

VM Mutex/Monitor currently owned by a thread: None

Heap:
 PSYoungGen      total 153088K, used 76322K [0x000000076ae00000, 0x0000000775880000, 0x00000007c0000000)
  eden space 131584K, 58% used [0x000000076ae00000,0x000000076f888a70,0x0000000772e80000)
  from space 21504K, 0% used [0x0000000774380000,0x0000000774380000,0x0000000775880000)
  to   space 21504K, 0% used [0x0000000772e80000,0x0000000772e80000,0x0000000774380000)
 ParOldGen       total 349696K, used 0K [0x00000006c0a00000, 0x00000006d5f80000, 0x000000076ae00000)
  object space 349696K, 0% used [0x00000006c0a00000,0x00000006c0a00000,0x00000006d5f80000)
 Metaspace       used 13134K, capacity 13408K, committed 13568K, reserved 1060864K
  class space    used 1654K, capacity 1749K, committed 1792K, reserved 1048576K

Card table byte_map: [0x0000000011b50000,0x0000000012350000] byte_map_base: 0x000000000e54b000

Marking Bits: (ParMarkBitMap*) 0x0000000055a52d00
 Begin Bits: [0x0000000012cb0000, 0x0000000016c88000)
 End Bits:   [0x0000000016c88000, 0x000000001ac60000)

Polling page: 0x0000000000550000

CodeCache: size=245760Kb used=5364Kb max_used=5376Kb free=240395Kb
 bounds [0x0000000002790000, 0x0000000002ce0000, 0x0000000011790000]
 total_blobs=1857 nmethods=1530 adapters=239
 compilation: enabled

Compilation events (10 events):
Event: 19.615 Thread 0x000000001be5c000 nmethod 1527 0x0000000002ccda10 code [0x0000000002ccdb60, 0x0000000002ccdc70]
Event: 19.616 Thread 0x000000001be54800 1528       4       java.util.AbstractCollection::<init> (5 bytes)
Event: 19.616 Thread 0x000000001be54800 nmethod 1528 0x0000000002cd0910 code [0x0000000002cd0a40, 0x0000000002cd0a98]
Event: 19.617 Thread 0x000000001be5c000 1529       3       org.eclipse.sisu.plexus.RealmFilteredBeans$FilteredItr::hasNext (81 bytes)
Event: 19.619 Thread 0x000000001be5c000 nmethod 1529 0x0000000002ccf490 code [0x0000000002ccf6c0, 0x0000000002cd04d8]
Event: 19.635 Thread 0x000000001be59000 nmethod 1520 0x0000000002cd2ed0 code [0x0000000002cd3080, 0x0000000002cd3d20]
Event: 19.861 Thread 0x000000001be5c000 1530       3       java.lang.reflect.Field::setFieldAccessor (34 bytes)
Event: 19.861 Thread 0x000000001be5c000 nmethod 1530 0x0000000002ccee50 code [0x0000000002ccefc0, 0x0000000002ccf368]
Event: 19.862 Thread 0x000000001be54800 1531       4       java.net.URLClassLoader$1::run (5 bytes)
Event: 19.950 Thread 0x000000001be59000 1532   !   4       java.net.URLClassLoader$1::run (63 bytes)

GC Heap History (0 events):
No events

Deoptimization events (10 events):
Event: 7.047 Thread 0x0000000002692800 Uncommon trap: reason=unstable_if action=reinterpret pc=0x0000000002a3de70 method=org.codehaus.plexus.util.xml.pull.MXParser.isWhitespace()Z @ 20
Event: 8.252 Thread 0x0000000002692800 Uncommon trap: reason=unstable_if action=reinterpret pc=0x0000000002a2d8d8 method=java.util.HashMap.getNode(ILjava/lang/Object;)Ljava/util/HashMap$Node; @ 129
Event: 8.253 Thread 0x0000000002692800 Uncommon trap: reason=unstable_if action=reinterpret pc=0x00000000029c7248 method=java.util.HashMap.getNode(ILjava/lang/Object;)Ljava/util/HashMap$Node; @ 129
Event: 12.666 Thread 0x0000000002692800 Uncommon trap: reason=class_check action=maybe_recompile pc=0x0000000002adbab4 method=java.util.HashMap.putVal(ILjava/lang/Object;Ljava/lang/Object;ZZ)Ljava/lang/Object; @ 203
Event: 12.666 Thread 0x0000000002692800 Uncommon trap: reason=class_check action=maybe_recompile pc=0x0000000002adbab4 method=java.util.HashMap.putVal(ILjava/lang/Object;Ljava/lang/Object;ZZ)Ljava/lang/Object; @ 203
Event: 13.664 Thread 0x0000000002692800 Uncommon trap: reason=unstable_if action=reinterpret pc=0x0000000002ae63a0 method=java.util.concurrent.ConcurrentHashMap.putVal(Ljava/lang/Object;Ljava/lang/Object;Z)Ljava/lang/Object; @ 206
Event: 16.348 Thread 0x0000000002692800 Uncommon trap: reason=class_check action=maybe_recompile pc=0x0000000002adbab4 method=java.util.HashMap.putVal(ILjava/lang/Object;Ljava/lang/Object;ZZ)Ljava/lang/Object; @ 203
Event: 16.348 Thread 0x0000000002692800 Uncommon trap: reason=class_check action=maybe_recompile pc=0x0000000002adbab4 method=java.util.HashMap.putVal(ILjava/lang/Object;Ljava/lang/Object;ZZ)Ljava/lang/Object; @ 203
Event: 16.348 Thread 0x0000000002692800 Uncommon trap: reason=class_check action=maybe_recompile pc=0x0000000002ad7fcc method=java.util.HashMap.putVal(ILjava/lang/Object;Ljava/lang/Object;ZZ)Ljava/lang/Object; @ 203
Event: 19.860 Thread 0x0000000002692800 Uncommon trap: reason=null_check action=make_not_entrant pc=0x00000000029738dc method=java.lang.String.equals(Ljava/lang/Object;)Z @ 8

Classes redefined (0 events):
No events

Internal exceptions (10 events):
Event: 5.808 Thread 0x0000000002692800 Exception <a 'java/lang/ArrayIndexOutOfBoundsException'> (0x000000076c101268) thrown at [C:\re\workspace\8-2-build-windows-amd64-cygwin\jdk8u181\11358\hotspot\src\share\vm\runtime\sharedRuntime.cpp, line 605]
Event: 5.812 Thread 0x0000000002692800 Exception <a 'java/lang/ArrayIndexOutOfBoundsException'> (0x000000076c1081b8) thrown at [C:\re\workspace\8-2-build-windows-amd64-cygwin\jdk8u181\11358\hotspot\src\share\vm\runtime\sharedRuntime.cpp, line 605]
Event: 5.812 Thread 0x0000000002692800 Exception <a 'java/lang/ArrayIndexOutOfBoundsException'> (0x000000076c108f48) thrown at [C:\re\workspace\8-2-build-windows-amd64-cygwin\jdk8u181\11358\hotspot\src\share\vm\runtime\sharedRuntime.cpp, line 605]
Event: 5.813 Thread 0x0000000002692800 Exception <a 'java/lang/ArrayIndexOutOfBoundsException'> (0x000000076c10aad0) thrown at [C:\re\workspace\8-2-build-windows-amd64-cygwin\jdk8u181\11358\hotspot\src\share\vm\runtime\sharedRuntime.cpp, line 605]
Event: 5.814 Thread 0x0000000002692800 Exception <a 'java/lang/ArrayIndexOutOfBoundsException': 40> (0x000000076c10bf10) thrown at [C:\re\workspace\8-2-build-windows-amd64-cygwin\jdk8u181\11358\hotspot\src\share\vm\interpreter\interpreterRuntime.cpp, line 366]
Event: 5.818 Thread 0x0000000002692800 Exception <a 'java/lang/ArrayIndexOutOfBoundsException': 81> (0x000000076c10d800) thrown at [C:\re\workspace\8-2-build-windows-amd64-cygwin\jdk8u181\11358\hotspot\src\share\vm\interpreter\interpreterRuntime.cpp, line 366]
Event: 16.183 Thread 0x0000000002692800 Exception <a 'java/lang/NoClassDefFoundError': com/google/inject/servlet/ServletModuleTargetVisitor> (0x000000076f231f48) thrown at [C:\re\workspace\8-2-build-windows-amd64-cygwin\jdk8u181\11358\hotspot\src\share\vm\classfile\systemDictionary.cpp, line 19
Event: 16.183 Thread 0x0000000002692800 Exception <a 'java/lang/NoClassDefFoundError'> (0x000000076f231f48) thrown at [C:\re\workspace\8-2-build-windows-amd64-cygwin\jdk8u181\11358\hotspot\src\share\vm\prims\jvm.cpp, line 1439]
Event: 16.184 Thread 0x0000000002692800 Exception <a 'java/lang/NoClassDefFoundError': javax/annotation/Priority> (0x000000076f2368c0) thrown at [C:\re\workspace\8-2-build-windows-amd64-cygwin\jdk8u181\11358\hotspot\src\share\vm\classfile\systemDictionary.cpp, line 199]
Event: 19.860 Thread 0x0000000002692800 Implicit null exception at 0x00000000029736db to 0x00000000029738cd

Events (10 events):
Event: 19.597 loading class org/apache/maven/plugin/BuildPluginManager done
Event: 19.624 loading class org/eclipse/aether/internal/impl/SimpleLocalRepositoryManager
Event: 19.624 loading class org/eclipse/aether/internal/impl/SimpleLocalRepositoryManager done
Event: 19.860 Thread 0x0000000002692800 Uncommon trap: trap_request=0xfffffff4 fr.pc=0x00000000029738dc
Event: 19.860 Thread 0x0000000002692800 DEOPT PACKING pc=0x00000000029738dc sp=0x000000000259c9b0
Event: 19.860 Thread 0x0000000002692800 DEOPT UNPACKING pc=0x00000000027d583b sp=0x000000000259c940 mode 2
Event: 19.862 loading class org/apache/maven/graph/DefaultGraphBuilder
Event: 19.862 loading class org/apache/maven/graph/DefaultGraphBuilder done
Event: 19.862 loading class org/apache/maven/graph/DefaultGraphBuilder
Event: 19.862 loading class org/apache/maven/graph/DefaultGraphBuilder done


Dynamic libraries:
0x00007ff7c6ae0000 - 0x00007ff7c6b17000 	C:\Program Files\Java\jdk1.8.0_181\bin\java.exe
0x00007ffa5de50000 - 0x00007ffa5e044000 	C:\WINDOWS\SYSTEM32\ntdll.dll
0x00007ffa5daa0000 - 0x00007ffa5db5d000 	C:\WINDOWS\System32\KERNEL32.DLL
0x00007ffa5b5f0000 - 0x00007ffa5b8b7000 	C:\WINDOWS\System32\KERNELBASE.dll
0x00007ffa5d210000 - 0x00007ffa5d2ba000 	C:\WINDOWS\System32\ADVAPI32.dll
0x00007ffa5ce00000 - 0x00007ffa5ce9e000 	C:\WINDOWS\System32\msvcrt.dll
0x00007ffa5d2c0000 - 0x00007ffa5d35b000 	C:\WINDOWS\System32\sechost.dll
0x00007ffa5bec0000 - 0x00007ffa5bfe3000 	C:\WINDOWS\System32\RPCRT4.dll
0x00007ffa5d750000 - 0x00007ffa5d8f0000 	C:\WINDOWS\System32\USER32.dll
0x00007ffa5bc60000 - 0x00007ffa5bc82000 	C:\WINDOWS\System32\win32u.dll
0x00007ffa5c4c0000 - 0x00007ffa5c4ea000 	C:\WINDOWS\System32\GDI32.dll
0x00007ffa5b8c0000 - 0x00007ffa5b9c9000 	C:\WINDOWS\System32\gdi32full.dll
0x00007ffa5bda0000 - 0x00007ffa5be3d000 	C:\WINDOWS\System32\msvcp_win.dll
0x00007ffa5b9d0000 - 0x00007ffa5bad0000 	C:\WINDOWS\System32\ucrtbase.dll
0x00007ffa4c5b0000 - 0x00007ffa4c84a000 	C:\WINDOWS\WinSxS\amd64_microsoft.windows.common-controls_6595b64144ccf1df_6.0.19041.1_none_b555e41d4684ddec\COMCTL32.dll
0x00007ffa5da70000 - 0x00007ffa5daa0000 	C:\WINDOWS\System32\IMM32.DLL
0x0000000056990000 - 0x0000000056a62000 	C:\Program Files\Java\jdk1.8.0_181\jre\bin\msvcr100.dll
0x0000000055230000 - 0x0000000055ad2000 	C:\Program Files\Java\jdk1.8.0_181\jre\bin\server\jvm.dll
0x00007ffa5d3e0000 - 0x00007ffa5d3e8000 	C:\WINDOWS\System32\PSAPI.DLL
0x00007ffa572c0000 - 0x00007ffa572c9000 	C:\WINDOWS\SYSTEM32\WSOCK32.dll
0x00007ffa5d360000 - 0x00007ffa5d3cb000 	C:\WINDOWS\System32\WS2_32.dll
0x00007ffa512a0000 - 0x00007ffa512c7000 	C:\WINDOWS\SYSTEM32\WINMM.dll
0x00007ffa512d0000 - 0x00007ffa512da000 	C:\WINDOWS\SYSTEM32\VERSION.dll
0x00000000575e0000 - 0x00000000575ef000 	C:\Program Files\Java\jdk1.8.0_181\jre\bin\verify.dll
0x00000000575b0000 - 0x00000000575d9000 	C:\Program Files\Java\jdk1.8.0_181\jre\bin\java.dll
0x0000000057590000 - 0x00000000575a6000 	C:\Program Files\Java\jdk1.8.0_181\jre\bin\zip.dll
0x00007ffa5c580000 - 0x00007ffa5ccb1000 	C:\WINDOWS\System32\SHELL32.dll
0x00007ffa59710000 - 0x00007ffa59e9a000 	C:\WINDOWS\SYSTEM32\windows.storage.dll
0x00007ffa5d3f0000 - 0x00007ffa5d744000 	C:\WINDOWS\System32\combase.dll
0x00007ffa5b020000 - 0x00007ffa5b04b000 	C:\WINDOWS\SYSTEM32\Wldp.dll
0x00007ffa5d0b0000 - 0x00007ffa5d15e000 	C:\WINDOWS\System32\SHCORE.dll
0x00007ffa5c460000 - 0x00007ffa5c4b5000 	C:\WINDOWS\System32\shlwapi.dll
0x00007ffa5b4e0000 - 0x00007ffa5b4ff000 	C:\WINDOWS\SYSTEM32\profapi.dll

VM Arguments:
jvm_args: -Dmaven.multiModuleProjectDirectory=E:\code\idea-workspace\xc-framework\xc-framework-parent\xc-service-manage-cms -Xms512m -Xmx4086m -DarchetypeCatalog=internal -Dmaven.home=E:\developServer\apache-maven-3.3.9 -Dclassworlds.conf=E:\developServer\apache-maven-3.3.9\bin\m2.conf -Dmaven.ext.class.path=D:\DevelopUtils\ideaIU-2019.3.1\plugins\maven\lib\maven-event-listener.jar -Dfile.encoding=UTF-8 
java_command: org.codehaus.classworlds.Launcher -Didea.version2019.3.1 -s E:\developServer\apache-maven-3.3.9\conf\settings.xml install --non-recursive
java_class_path (initial): E:\developServer\apache-maven-3.3.9\boot\plexus-classworlds-2.5.2.jar
Launcher Type: SUN_STANDARD

Environment Variables:
JAVA_HOME=C:\Program Files\Java\jdk1.8.0_181
CLASSPATH=.C:\Program Files\Java\jdk1.8.0_181\lib;C:\Program Files\Java\jdk1.8.0_181\lib\tools.jar
PATH=C:\Windows\system32;C:\Windows;C:\Windows\System32\Wbem;C:\Windows\System32\WindowsPowerShell\v1.0\;C:\Program Files\Java\jdk1.8.0_181\bin;C:\Program Files (x86)\NVIDIA Corporation\PhysX\Common;C:\Program Files\NVIDIA Corporation\NVIDIA NvDLISR;E:\developServer\apache-maven-3.3.9\bin;E:\developServer\Redis\redis-2.8.9;D:\Program Files\erl9.2\bin;%RABBITMQ_SERVER%\sbin;D:\Program Files\mysql-5.7.29-winx64\bin;%nexus%;D:\Program Files\MongoDB\Server\3.4\bin;C:\Program Files\Java\jdk1.8.0_181\bin;D:\Program Files (x86)\Subversion\bin;D:\Program Files\nodejs\;C:\ProgramData\chocolatey\bin;D:\Program Files\Microsoft VS Code\bin;C:\WINDOWS\system32;C:\WINDOWS;C:\WINDOWS\System32\Wbem;C:\WINDOWS\System32\WindowsPowerShell\v1.0\;C:\WINDOWS\System32\OpenSSH\;D:\Program Files\Git\cmd;C:\Program Files\TortoiseGit\bin;D:\HashiCorp\Vagrant\bin;;D:\Program Files\JetBrains\IntelliJ IDEA 2019.2.1\bin;D:\Program Files\Microsoft VS Code\bin;C:\Users\Administrator\AppData\Roaming\npm;%USERPROFILE%\AppData\Local\Microsoft\WindowsApps;D:\Program Files (x86)\Fiddler
USERNAME=Administrator
OS=Windows_NT
PROCESSOR_IDENTIFIER=Intel64 Family 6 Model 58 Stepping 9, GenuineIntel



---------------  S Y S T E M  ---------------

OS: Windows 10.0 , 64 bit Build 19041 (10.0.19041.207)

CPU:total 4 (initial active 4) (2 cores per cpu, 2 threads per core) family 6 model 58 stepping 9, cmov, cx8, fxsr, mmx, sse, sse2, sse3, ssse3, sse4.1, sse4.2, popcnt, avx, aes, clmul, erms, ht, tsc, tscinvbit, tscinv

Memory: 4k page, physical 16726380k(6766264k free), swap 17774956k(5176k free)

vm_info: Java HotSpot(TM) 64-Bit Server VM (25.181-b13) for windows-amd64 JRE (1.8.0_181-b13), built on Jul  7 2018 04:01:33 by "java_re" with MS VC++ 10.0 (VS2010)

time: Mon Jun 01 18:52:52 2020
elapsed time: 20 seconds (0d 0h 0m 20s)

