#
# There is insufficient memory for the Java Runtime Environment to continue.
# Native memory allocation (malloc) failed to allocate 32744 bytes for ChunkPool::allocate
# Possible reasons:
#   The system is out of physical RAM or swap space
#   In 32 bit mode, the process size limit was hit
# Possible solutions:
#   Reduce memory load on the system
#   Increase physical memory or swap space
#   Check if swap backing store is full
#   Use 64 bit Java on a 64 bit OS
#   Decrease Java heap size (-Xmx/-Xms)
#   Decrease number of Java threads
#   Decrease Java thread stack sizes (-Xss)
#   Set larger code cache with -XX:ReservedCodeCacheSize=
# This output file may be truncated or incomplete.
#
#  Out of Memory Error (allocation.cpp:273), pid=10132, tid=0x0000000000000924
#
# JRE version: Java(TM) SE Runtime Environment (8.0_181-b13) (build 1.8.0_181-b13)
# Java VM: Java HotSpot(TM) 64-Bit Server VM (25.181-b13 mixed mode windows-amd64 compressed oops)
# Failed to write core dump. Minidumps are not enabled by default on client versions of Windows
#

---------------  T H R E A D  ---------------

Current thread (0x000000001d270000):  JavaThread "C1 CompilerThread2" daemon [_thread_in_native, id=2340, stack(0x000000001da10000,0x000000001db10000)]

Stack: [0x000000001da10000,0x000000001db10000]
[error occurred during error reporting (printing stack bounds), id 0xc0000005]

Native frames: (J=compiled Java code, j=interpreted, Vv=VM code, C=native code)


Current CompileTask:
C1:  16913 1471       3       sun.reflect.ClassFileAssembler::emitConstantPoolMethodref (28 bytes)


---------------  P R O C E S S  ---------------

Java Threads: ( => current thread )
  0x000000001d275800 JavaThread "Service Thread" daemon [_thread_blocked, id=7672, stack(0x000000001db10000,0x000000001dc10000)]
=>0x000000001d270000 JavaThread "C1 CompilerThread2" daemon [_thread_in_native, id=2340, stack(0x000000001da10000,0x000000001db10000)]
  0x000000001d26d800 JavaThread "C2 CompilerThread1" daemon [_thread_in_native, id=4860, stack(0x000000001d910000,0x000000001da10000)]
  0x000000001bef4800 JavaThread "C2 CompilerThread0" daemon [_thread_in_native, id=16516, stack(0x000000001d810000,0x000000001d910000)]
  0x000000001beb0800 JavaThread "Attach Listener" daemon [_thread_blocked, id=16800, stack(0x000000001d710000,0x000000001d810000)]
  0x000000001beaf800 JavaThread "Signal Dispatcher" daemon [_thread_blocked, id=10568, stack(0x000000001d610000,0x000000001d710000)]
  0x000000001be8a000 JavaThread "Finalizer" daemon [_thread_blocked, id=17964, stack(0x000000001d100000,0x000000001d200000)]
  0x000000001be69000 JavaThread "Reference Handler" daemon [_thread_blocked, id=18084, stack(0x000000001d000000,0x000000001d100000)]
  0x0000000002732800 JavaThread "main" [_thread_in_vm, id=13076, stack(0x0000000002630000,0x0000000002730000)]

Other Threads:
  0x000000001be67000 VMThread [stack: 0x000000001cf00000,0x000000001d000000] [id=2240]
  0x000000001d2bf800 WatcherThread [stack: 0x000000001dc10000,0x000000001dd10000] [id=15052]

VM state:not at safepoint (normal execution)

VM Mutex/Monitor currently owned by a thread: None

Heap:
 PSYoungGen      total 153088K, used 76327K [0x000000076ae00000, 0x0000000775880000, 0x00000007c0000000)
  eden space 131584K, 58% used [0x000000076ae00000,0x000000076f889c10,0x0000000772e80000)
  from space 21504K, 0% used [0x0000000774380000,0x0000000774380000,0x0000000775880000)
  to   space 21504K, 0% used [0x0000000772e80000,0x0000000772e80000,0x0000000774380000)
 ParOldGen       total 349696K, used 0K [0x00000006c0a00000, 0x00000006d5f80000, 0x000000076ae00000)
  object space 349696K, 0% used [0x00000006c0a00000,0x00000006c0a00000,0x00000006d5f80000)
 Metaspace       used 13085K, capacity 13320K, committed 13568K, reserved 1060864K
  class space    used 1650K, capacity 1745K, committed 1792K, reserved 1048576K

Card table byte_map: [0x0000000011bf0000,0x00000000123f0000] byte_map_base: 0x000000000e5eb000

Marking Bits: (ParMarkBitMap*) 0x0000000055a52d00
 Begin Bits: [0x0000000012d50000, 0x0000000016d28000)
 End Bits:   [0x0000000016d28000, 0x000000001ad00000)

Polling page: 0x0000000000640000

CodeCache: size=245760Kb used=5202Kb max_used=5202Kb free=240557Kb
 bounds [0x0000000002830000, 0x0000000002d50000, 0x0000000011830000]
 total_blobs=1794 nmethods=1467 adapters=239
 compilation: enabled

Compilation events (10 events):
Event: 16.714 Thread 0x000000001d270000 nmethod 1466 0x0000000002d44b90 code [0x0000000002d44ce0, 0x0000000002d44e50]
Event: 16.714 Thread 0x000000001d270000 1467   !   3       com.google.inject.internal.InjectorImpl::getBinding (45 bytes)
Event: 16.716 Thread 0x000000001d270000 nmethod 1467 0x0000000002d44ed0 code [0x0000000002d45120, 0x0000000002d45f48]
Event: 16.717 Thread 0x000000001d270000 1468       3       com.google.inject.internal.Scoping$3::acceptVisitor (10 bytes)
Event: 16.718 Thread 0x000000001d270000 nmethod 1468 0x0000000002d46690 code [0x0000000002d46820, 0x0000000002d46b90]
Event: 16.731 Thread 0x000000001d270000 1469       3       sun.misc.ProxyGenerator$ConstantPool::getString (21 bytes)
Event: 16.732 Thread 0x000000001d270000 nmethod 1469 0x0000000002d46d10 code [0x0000000002d46ec0, 0x0000000002d473c8]
Event: 16.732 Thread 0x000000001d270000 1470       3       sun.misc.ProxyGenerator::code_ldc (64 bytes)
Event: 16.733 Thread 0x000000001d270000 nmethod 1470 0x0000000002d47690 code [0x0000000002d478a0, 0x0000000002d484c8]
Event: 16.909 Thread 0x000000001d270000 1471       3       sun.reflect.ClassFileAssembler::emitConstantPoolMethodref (28 bytes)

GC Heap History (0 events):
No events

Deoptimization events (10 events):
Event: 6.841 Thread 0x0000000002732800 Uncommon trap: reason=unstable_if action=reinterpret pc=0x0000000002ad3f98 method=org.codehaus.plexus.util.xml.pull.MXParser.nextImpl()I @ 241
Event: 6.906 Thread 0x0000000002732800 Uncommon trap: reason=unstable_if action=reinterpret pc=0x0000000002ae0d70 method=org.codehaus.plexus.util.xml.pull.MXParser.isWhitespace()Z @ 20
Event: 7.907 Thread 0x0000000002732800 Uncommon trap: reason=unstable_if action=reinterpret pc=0x0000000002abe7dc method=java.util.HashMap.getNode(ILjava/lang/Object;)Ljava/util/HashMap$Node; @ 129
Event: 7.908 Thread 0x0000000002732800 Uncommon trap: reason=class_check action=maybe_recompile pc=0x0000000002b6e6b4 method=java.util.HashMap.putVal(ILjava/lang/Object;Ljava/lang/Object;ZZ)Ljava/lang/Object; @ 203
Event: 7.908 Thread 0x0000000002732800 Uncommon trap: reason=unstable_if action=reinterpret pc=0x0000000002a69844 method=java.util.HashMap.getNode(ILjava/lang/Object;)Ljava/util/HashMap$Node; @ 129
Event: 12.759 Thread 0x0000000002732800 Uncommon trap: reason=class_check action=maybe_recompile pc=0x0000000002b6e6b4 method=java.util.HashMap.putVal(ILjava/lang/Object;Ljava/lang/Object;ZZ)Ljava/lang/Object; @ 203
Event: 12.773 Thread 0x0000000002732800 Uncommon trap: reason=class_check action=maybe_recompile pc=0x0000000002b6e6b4 method=java.util.HashMap.putVal(ILjava/lang/Object;Ljava/lang/Object;ZZ)Ljava/lang/Object; @ 203
Event: 13.210 Thread 0x0000000002732800 Uncommon trap: reason=unstable_if action=reinterpret pc=0x0000000002b86760 method=java.util.concurrent.ConcurrentHashMap.putVal(Ljava/lang/Object;Ljava/lang/Object;Z)Ljava/lang/Object; @ 206
Event: 13.424 Thread 0x0000000002732800 Uncommon trap: reason=class_check action=maybe_recompile pc=0x0000000002b6e6b4 method=java.util.HashMap.putVal(ILjava/lang/Object;Ljava/lang/Object;ZZ)Ljava/lang/Object; @ 203
Event: 13.424 Thread 0x0000000002732800 Uncommon trap: reason=class_check action=maybe_recompile pc=0x0000000002b7800c method=java.util.HashMap.putVal(ILjava/lang/Object;Ljava/lang/Object;ZZ)Ljava/lang/Object; @ 203

Classes redefined (0 events):
No events

Internal exceptions (10 events):
Event: 6.289 Thread 0x0000000002732800 Exception <a 'java/lang/ArrayIndexOutOfBoundsException'> (0x000000076c10ac78) thrown at [C:\re\workspace\8-2-build-windows-amd64-cygwin\jdk8u181\11358\hotspot\src\share\vm\runtime\sharedRuntime.cpp, line 605]
Event: 6.289 Thread 0x0000000002732800 Exception <a 'java/lang/ArrayIndexOutOfBoundsException'> (0x000000076c10bed0) thrown at [C:\re\workspace\8-2-build-windows-amd64-cygwin\jdk8u181\11358\hotspot\src\share\vm\runtime\sharedRuntime.cpp, line 605]
Event: 6.289 Thread 0x0000000002732800 Exception <a 'java/lang/ArrayIndexOutOfBoundsException'> (0x000000076c10cd40) thrown at [C:\re\workspace\8-2-build-windows-amd64-cygwin\jdk8u181\11358\hotspot\src\share\vm\runtime\sharedRuntime.cpp, line 605]
Event: 6.290 Thread 0x0000000002732800 Exception <a 'java/lang/ArrayIndexOutOfBoundsException'> (0x000000076c10e568) thrown at [C:\re\workspace\8-2-build-windows-amd64-cygwin\jdk8u181\11358\hotspot\src\share\vm\runtime\sharedRuntime.cpp, line 605]
Event: 6.290 Thread 0x0000000002732800 Exception <a 'java/lang/ArrayIndexOutOfBoundsException'> (0x000000076c1100d0) thrown at [C:\re\workspace\8-2-build-windows-amd64-cygwin\jdk8u181\11358\hotspot\src\share\vm\runtime\sharedRuntime.cpp, line 605]
Event: 6.291 Thread 0x0000000002732800 Exception <a 'java/lang/ArrayIndexOutOfBoundsException': 100> (0x000000076c111810) thrown at [C:\re\workspace\8-2-build-windows-amd64-cygwin\jdk8u181\11358\hotspot\src\share\vm\interpreter\interpreterRuntime.cpp, line 366]
Event: 6.291 Thread 0x0000000002732800 Exception <a 'java/lang/ArrayIndexOutOfBoundsException': 24> (0x000000076c112558) thrown at [C:\re\workspace\8-2-build-windows-amd64-cygwin\jdk8u181\11358\hotspot\src\share\vm\interpreter\interpreterRuntime.cpp, line 366]
Event: 13.356 Thread 0x0000000002732800 Exception <a 'java/lang/NoClassDefFoundError': com/google/inject/servlet/ServletModuleTargetVisitor> (0x000000076f233008) thrown at [C:\re\workspace\8-2-build-windows-amd64-cygwin\jdk8u181\11358\hotspot\src\share\vm\classfile\systemDictionary.cpp, line 19
Event: 13.356 Thread 0x0000000002732800 Exception <a 'java/lang/NoClassDefFoundError'> (0x000000076f233008) thrown at [C:\re\workspace\8-2-build-windows-amd64-cygwin\jdk8u181\11358\hotspot\src\share\vm\prims\jvm.cpp, line 1439]
Event: 13.357 Thread 0x0000000002732800 Exception <a 'java/lang/NoClassDefFoundError': javax/annotation/Priority> (0x000000076f237980) thrown at [C:\re\workspace\8-2-build-windows-amd64-cygwin\jdk8u181\11358\hotspot\src\share\vm\classfile\systemDictionary.cpp, line 199]

Events (10 events):
Event: 16.891 loading class org/apache/maven/plugin/descriptor/DuplicateMojoDescriptorException
Event: 16.891 loading class org/apache/maven/plugin/descriptor/DuplicateMojoDescriptorException done
Event: 16.892 loading class org/apache/maven/plugin/descriptor/InvalidPluginDescriptorException
Event: 16.892 loading class org/apache/maven/plugin/descriptor/InvalidPluginDescriptorException done
Event: 16.905 loading class org/apache/maven/plugin/DefaultPluginArtifactsCache
Event: 16.905 loading class org/apache/maven/plugin/DefaultPluginArtifactsCache done
Event: 16.906 loading class org/apache/maven/plugin/DefaultPluginArtifactsCache
Event: 16.906 loading class org/apache/maven/plugin/DefaultPluginArtifactsCache done
Event: 16.906 loading class org/apache/maven/plugin/DefaultPluginArtifactsCache
Event: 16.906 loading class org/apache/maven/plugin/DefaultPluginArtifactsCache done


Dynamic libraries:
0x00007ff7c6ae0000 - 0x00007ff7c6b17000 	C:\Program Files\Java\jdk1.8.0_181\bin\java.exe
0x00007ffa5de50000 - 0x00007ffa5e044000 	C:\WINDOWS\SYSTEM32\ntdll.dll
0x00007ffa5daa0000 - 0x00007ffa5db5d000 	C:\WINDOWS\System32\KERNEL32.DLL
0x00007ffa5b5f0000 - 0x00007ffa5b8b7000 	C:\WINDOWS\System32\KERNELBASE.dll
0x00007ffa5d210000 - 0x00007ffa5d2ba000 	C:\WINDOWS\System32\ADVAPI32.dll
0x00007ffa5ce00000 - 0x00007ffa5ce9e000 	C:\WINDOWS\System32\msvcrt.dll
0x00007ffa5d2c0000 - 0x00007ffa5d35b000 	C:\WINDOWS\System32\sechost.dll
0x00007ffa5bec0000 - 0x00007ffa5bfe3000 	C:\WINDOWS\System32\RPCRT4.dll
0x00007ffa5d750000 - 0x00007ffa5d8f0000 	C:\WINDOWS\System32\USER32.dll
0x00007ffa5bc60000 - 0x00007ffa5bc82000 	C:\WINDOWS\System32\win32u.dll
0x00007ffa5c4c0000 - 0x00007ffa5c4ea000 	C:\WINDOWS\System32\GDI32.dll
0x00007ffa5b8c0000 - 0x00007ffa5b9c9000 	C:\WINDOWS\System32\gdi32full.dll
0x00007ffa5bda0000 - 0x00007ffa5be3d000 	C:\WINDOWS\System32\msvcp_win.dll
0x00007ffa5b9d0000 - 0x00007ffa5bad0000 	C:\WINDOWS\System32\ucrtbase.dll
0x00007ffa4c5b0000 - 0x00007ffa4c84a000 	C:\WINDOWS\WinSxS\amd64_microsoft.windows.common-controls_6595b64144ccf1df_6.0.19041.1_none_b555e41d4684ddec\COMCTL32.dll
0x00007ffa5da70000 - 0x00007ffa5daa0000 	C:\WINDOWS\System32\IMM32.DLL
0x0000000056990000 - 0x0000000056a62000 	C:\Program Files\Java\jdk1.8.0_181\jre\bin\msvcr100.dll
0x0000000055230000 - 0x0000000055ad2000 	C:\Program Files\Java\jdk1.8.0_181\jre\bin\server\jvm.dll
0x00007ffa5d3e0000 - 0x00007ffa5d3e8000 	C:\WINDOWS\System32\PSAPI.DLL
0x00007ffa572c0000 - 0x00007ffa572c9000 	C:\WINDOWS\SYSTEM32\WSOCK32.dll
0x00007ffa5d360000 - 0x00007ffa5d3cb000 	C:\WINDOWS\System32\WS2_32.dll
0x00007ffa512a0000 - 0x00007ffa512c7000 	C:\WINDOWS\SYSTEM32\WINMM.dll
0x00007ffa512d0000 - 0x00007ffa512da000 	C:\WINDOWS\SYSTEM32\VERSION.dll
0x00000000575e0000 - 0x00000000575ef000 	C:\Program Files\Java\jdk1.8.0_181\jre\bin\verify.dll
0x00000000575b0000 - 0x00000000575d9000 	C:\Program Files\Java\jdk1.8.0_181\jre\bin\java.dll
0x0000000057590000 - 0x00000000575a6000 	C:\Program Files\Java\jdk1.8.0_181\jre\bin\zip.dll
0x00007ffa5c580000 - 0x00007ffa5ccb1000 	C:\WINDOWS\System32\SHELL32.dll
0x00007ffa59710000 - 0x00007ffa59e9a000 	C:\WINDOWS\SYSTEM32\windows.storage.dll
0x00007ffa5d3f0000 - 0x00007ffa5d744000 	C:\WINDOWS\System32\combase.dll
0x00007ffa5b020000 - 0x00007ffa5b04b000 	C:\WINDOWS\SYSTEM32\Wldp.dll
0x00007ffa5d0b0000 - 0x00007ffa5d15e000 	C:\WINDOWS\System32\SHCORE.dll
0x00007ffa5c460000 - 0x00007ffa5c4b5000 	C:\WINDOWS\System32\shlwapi.dll
0x00007ffa5b4e0000 - 0x00007ffa5b4ff000 	C:\WINDOWS\SYSTEM32\profapi.dll

VM Arguments:
jvm_args: -Dmaven.multiModuleProjectDirectory=E:\code\idea-workspace\xc-framework\xc-framework-parent\xc-framework-model -Xms512m -Xmx4086m -DarchetypeCatalog=internal -Dmaven.home=E:\developServer\apache-maven-3.3.9 -Dclassworlds.conf=E:\developServer\apache-maven-3.3.9\bin\m2.conf -Dmaven.ext.class.path=D:\DevelopUtils\ideaIU-2019.3.1\plugins\maven\lib\maven-event-listener.jar -Dfile.encoding=UTF-8 
java_command: org.codehaus.classworlds.Launcher -Didea.version2019.3.1 -s E:\developServer\apache-maven-3.3.9\conf\settings.xml install --non-recursive
java_class_path (initial): E:\developServer\apache-maven-3.3.9\boot\plexus-classworlds-2.5.2.jar
Launcher Type: SUN_STANDARD

Environment Variables:
JAVA_HOME=C:\Program Files\Java\jdk1.8.0_181
CLASSPATH=.C:\Program Files\Java\jdk1.8.0_181\lib;C:\Program Files\Java\jdk1.8.0_181\lib\tools.jar
PATH=C:\Windows\system32;C:\Windows;C:\Windows\System32\Wbem;C:\Windows\System32\WindowsPowerShell\v1.0\;C:\Program Files\Java\jdk1.8.0_181\bin;C:\Program Files (x86)\NVIDIA Corporation\PhysX\Common;C:\Program Files\NVIDIA Corporation\NVIDIA NvDLISR;E:\developServer\apache-maven-3.3.9\bin;E:\developServer\Redis\redis-2.8.9;D:\Program Files\erl9.2\bin;%RABBITMQ_SERVER%\sbin;D:\Program Files\mysql-5.7.29-winx64\bin;%nexus%;D:\Program Files\MongoDB\Server\3.4\bin;C:\Program Files\Java\jdk1.8.0_181\bin;D:\Program Files (x86)\Subversion\bin;D:\Program Files\nodejs\;C:\ProgramData\chocolatey\bin;D:\Program Files\Microsoft VS Code\bin;C:\WINDOWS\system32;C:\WINDOWS;C:\WINDOWS\System32\Wbem;C:\WINDOWS\System32\WindowsPowerShell\v1.0\;C:\WINDOWS\System32\OpenSSH\;D:\Program Files\Git\cmd;C:\Program Files\TortoiseGit\bin;D:\HashiCorp\Vagrant\bin;;D:\Program Files\JetBrains\IntelliJ IDEA 2019.2.1\bin;D:\Program Files\Microsoft VS Code\bin;C:\Users\Administrator\AppData\Roaming\npm;%USERPROFILE%\AppData\Local\Microsoft\WindowsApps;D:\Program Files (x86)\Fiddler
USERNAME=Administrator
OS=Windows_NT
PROCESSOR_IDENTIFIER=Intel64 Family 6 Model 58 Stepping 9, GenuineIntel



---------------  S Y S T E M  ---------------

OS: Windows 10.0 , 64 bit Build 19041 (10.0.19041.207)

CPU:total 4 (initial active 4) (2 cores per cpu, 2 threads per core) family 6 model 58 stepping 9, cmov, cx8, fxsr, mmx, sse, sse2, sse3, ssse3, sse4.1, sse4.2, popcnt, avx, aes, clmul, erms, ht, tsc, tscinvbit, tscinv

Memory: 4k page, physical 16726380k(6354976k free), swap 17774956k(5140k free)

vm_info: Java HotSpot(TM) 64-Bit Server VM (25.181-b13) for windows-amd64 JRE (1.8.0_181-b13), built on Jul  7 2018 04:01:33 by "java_re" with MS VC++ 10.0 (VS2010)

time: Mon Jun 01 18:53:24 2020
elapsed time: 16 seconds (0d 0h 0m 16s)

